[ 2019-11-28T15:49:02+08:00 ] 10.6.0.32 /Experiment6/index.php/Home/Index/index
INFO: [ app_init ] --START--
INFO: Run Behavior\BuildLiteBehavior [ RunTime:0.000016s ]
INFO: [ app_init ] --END-- [ RunTime:0.000448s ]
INFO: [ app_begin ] --START--
INFO: Run Behavior\ReadHtmlCacheBehavior [ RunTime:0.000603s ]
INFO: [ app_begin ] --END-- [ RunTime:0.000642s ]
INFO: [ view_parse ] --START--
INFO: [ template_filter ] --START--
INFO: Run Behavior\ContentReplaceBehavior [ RunTime:0.000039s ]
INFO: [ template_filter ] --END-- [ RunTime:0.000072s ]
INFO: Run Behavior\ParseTemplateBehavior [ RunTime:0.006158s ]
INFO: [ view_parse ] --END-- [ RunTime:0.006191s ]
INFO: [ view_filter ] --START--
INFO: Run Behavior\WriteHtmlCacheBehavior [ RunTime:0.000193s ]
INFO: [ view_filter ] --END-- [ RunTime:0.000218s ]
INFO: [ app_end ] --START--
INFO: Run Behavior\ShowPageTraceBehavior [ RunTime:0.000623s ]
INFO: [ app_end ] --END-- [ RunTime:0.000654s ]

[ 2019-11-28T15:49:02+08:00 ] 10.6.0.32 /Experiment6/index.php/Home/Index/showExperiment
INFO: [ app_init ] --START--
INFO: Run Behavior\BuildLiteBehavior [ RunTime:0.000013s ]
INFO: [ app_init ] --END-- [ RunTime:0.000084s ]
INFO: [ app_begin ] --START--
INFO: Run Behavior\ReadHtmlCacheBehavior [ RunTime:0.000041s ]
INFO: [ app_begin ] --END-- [ RunTime:0.000085s ]
SQL: SHOW COLUMNS FROM `experiment` [ RunTime:0.0007s ]
SQL: SELECT * FROM `experiment`  [ RunTime:0.0001s ]
SQL: SELECT `Eid` FROM `experiment`  [ RunTime:0.0001s ]
SQL: SHOW COLUMNS FROM `student_experiment` [ RunTime:0.0006s ]
SQL: SELECT * FROM `student_experiment` WHERE ( Sid='1' and Eid='1' ) LIMIT 1   [ RunTime:0.0001s ]
SQL: SHOW COLUMNS FROM `student_experiment` [ RunTime:0.0005s ]
SQL: SELECT * FROM `student_experiment` WHERE ( Sid='1' and Eid='2' ) LIMIT 1   [ RunTime:0.0001s ]
SQL: SHOW COLUMNS FROM `student_experiment` [ RunTime:0.0005s ]
SQL: SELECT * FROM `student_experiment` WHERE ( Sid='1' and Eid='3' ) LIMIT 1   [ RunTime:0.0001s ]
SQL: SHOW COLUMNS FROM `student_experiment` [ RunTime:0.0016s ]
SQL: SELECT * FROM `student_experiment` WHERE ( Sid='1' and Eid='10' ) LIMIT 1   [ RunTime:0.0001s ]
SQL: SHOW COLUMNS FROM `student_experiment` [ RunTime:0.0006s ]
SQL: SELECT * FROM `student_experiment` WHERE ( Sid='1' and Eid='12' ) LIMIT 1   [ RunTime:0.0001s ]
SQL: SHOW COLUMNS FROM `student_experiment` [ RunTime:0.0004s ]
SQL: SELECT * FROM `student_experiment` WHERE ( Sid='1' and Eid='13' ) LIMIT 1   [ RunTime:0.0001s ]
SQL: SHOW COLUMNS FROM `student_experiment` [ RunTime:0.0004s ]
SQL: SELECT * FROM `student_experiment` WHERE ( Sid='1' and Eid='14' ) LIMIT 1   [ RunTime:0.0001s ]
INFO: [ view_parse ] --START--
INFO: [ template_filter ] --START--
INFO: Run Behavior\ContentReplaceBehavior [ RunTime:0.000052s ]
INFO: [ template_filter ] --END-- [ RunTime:0.000086s ]
NOTIC: [8] Undefined index: teacher /home/jianhanke/Experiment6/Application/Runtime/Cache/Home/a36754e1736bf072b1e1d8b57261593c.php 第 261 行.
NOTIC: [8] Undefined index: status /home/jianhanke/Experiment6/Application/Runtime/Cache/Home/a36754e1736bf072b1e1d8b57261593c.php 第 262 行.
NOTIC: [8] Undefined index: start_time /home/jianhanke/Experiment6/Application/Runtime/Cache/Home/a36754e1736bf072b1e1d8b57261593c.php 第 263 行.
NOTIC: [8] Undefined index: end_time /home/jianhanke/Experiment6/Application/Runtime/Cache/Home/a36754e1736bf072b1e1d8b57261593c.php 第 264 行.
NOTIC: [8] Undefined index: teacher /home/jianhanke/Experiment6/Application/Runtime/Cache/Home/a36754e1736bf072b1e1d8b57261593c.php 第 261 行.
NOTIC: [8] Undefined index: status /home/jianhanke/Experiment6/Application/Runtime/Cache/Home/a36754e1736bf072b1e1d8b57261593c.php 第 262 行.
NOTIC: [8] Undefined index: start_time /home/jianhanke/Experiment6/Application/Runtime/Cache/Home/a36754e1736bf072b1e1d8b57261593c.php 第 263 行.
NOTIC: [8] Undefined index: end_time /home/jianhanke/Experiment6/Application/Runtime/Cache/Home/a36754e1736bf072b1e1d8b57261593c.php 第 264 行.
NOTIC: [8] Undefined index: teacher /home/jianhanke/Experiment6/Application/Runtime/Cache/Home/a36754e1736bf072b1e1d8b57261593c.php 第 261 行.
NOTIC: [8] Undefined index: status /home/jianhanke/Experiment6/Application/Runtime/Cache/Home/a36754e1736bf072b1e1d8b57261593c.php 第 262 行.
NOTIC: [8] Undefined index: start_time /home/jianhanke/Experiment6/Application/Runtime/Cache/Home/a36754e1736bf072b1e1d8b57261593c.php 第 263 行.
NOTIC: [8] Undefined index: end_time /home/jianhanke/Experiment6/Application/Runtime/Cache/Home/a36754e1736bf072b1e1d8b57261593c.php 第 264 行.
NOTIC: [8] Undefined index: teacher /home/jianhanke/Experiment6/Application/Runtime/Cache/Home/a36754e1736bf072b1e1d8b57261593c.php 第 261 行.
NOTIC: [8] Undefined index: status /home/jianhanke/Experiment6/Application/Runtime/Cache/Home/a36754e1736bf072b1e1d8b57261593c.php 第 262 行.
NOTIC: [8] Undefined index: start_time /home/jianhanke/Experiment6/Application/Runtime/Cache/Home/a36754e1736bf072b1e1d8b57261593c.php 第 263 行.
NOTIC: [8] Undefined index: end_time /home/jianhanke/Experiment6/Application/Runtime/Cache/Home/a36754e1736bf072b1e1d8b57261593c.php 第 264 行.
NOTIC: [8] Undefined index: teacher /home/jianhanke/Experiment6/Application/Runtime/Cache/Home/a36754e1736bf072b1e1d8b57261593c.php 第 261 行.
NOTIC: [8] Undefined index: status /home/jianhanke/Experiment6/Application/Runtime/Cache/Home/a36754e1736bf072b1e1d8b57261593c.php 第 262 行.
NOTIC: [8] Undefined index: start_time /home/jianhanke/Experiment6/Application/Runtime/Cache/Home/a36754e1736bf072b1e1d8b57261593c.php 第 263 行.
NOTIC: [8] Undefined index: end_time /home/jianhanke/Experiment6/Application/Runtime/Cache/Home/a36754e1736bf072b1e1d8b57261593c.php 第 264 行.
NOTIC: [8] Undefined index: teacher /home/jianhanke/Experiment6/Application/Runtime/Cache/Home/a36754e1736bf072b1e1d8b57261593c.php 第 261 行.
NOTIC: [8] Undefined index: status /home/jianhanke/Experiment6/Application/Runtime/Cache/Home/a36754e1736bf072b1e1d8b57261593c.php 第 262 行.
NOTIC: [8] Undefined index: start_time /home/jianhanke/Experiment6/Application/Runtime/Cache/Home/a36754e1736bf072b1e1d8b57261593c.php 第 263 行.
NOTIC: [8] Undefined index: end_time /home/jianhanke/Experiment6/Application/Runtime/Cache/Home/a36754e1736bf072b1e1d8b57261593c.php 第 264 行.
NOTIC: [8] Undefined index: teacher /home/jianhanke/Experiment6/Application/Runtime/Cache/Home/a36754e1736bf072b1e1d8b57261593c.php 第 261 行.
NOTIC: [8] Undefined index: status /home/jianhanke/Experiment6/Application/Runtime/Cache/Home/a36754e1736bf072b1e1d8b57261593c.php 第 262 行.
NOTIC: [8] Undefined index: start_time /home/jianhanke/Experiment6/Application/Runtime/Cache/Home/a36754e1736bf072b1e1d8b57261593c.php 第 263 行.
NOTIC: [8] Undefined index: end_time /home/jianhanke/Experiment6/Application/Runtime/Cache/Home/a36754e1736bf072b1e1d8b57261593c.php 第 264 行.
INFO: Run Behavior\ParseTemplateBehavior [ RunTime:0.003842s ]
INFO: [ view_parse ] --END-- [ RunTime:0.003871s ]
INFO: [ view_filter ] --START--
INFO: Run Behavior\WriteHtmlCacheBehavior [ RunTime:0.000031s ]
INFO: [ view_filter ] --END-- [ RunTime:0.000050s ]
INFO: [ app_end ] --START--
INFO: Run Behavior\ShowPageTraceBehavior [ RunTime:0.000031s ]
INFO: [ app_end ] --END-- [ RunTime:0.000059s ]

